<?xml version="1.0" encoding="utf-8" standalone="no"?>
<!--This file represents the results of running a test suite-->
<test-results name="C:\Users\nithya.a.kannan\source\repos\FizzBuzz\FizzBuzzer.Tests\bin\Debug\FizzBuzzer.Tests.exe" total="4" errors="0" failures="0" not-run="0" inconclusive="0" ignored="0" skipped="0" invalid="0" date="2018-04-18" time="16:33:59">
  <environment nunit-version="2.6.4.14350" clr-version="2.0.50727.8794" os-version="Microsoft Windows NT 6.2.9200.0" platform="Win32NT" cwd="C:\Users\nithya.a.kannan\source\repos\FizzBuzz\Nunit 2.6.4\NUnit-2.6.4\bin" machine-name="CPX-PUNP1DBTHGB" user="nithya.a.kannan" user-domain="DIR" />
  <culture-info current-culture="en-GB" current-uiculture="en-US" />
  <test-suite type="Assembly" name="C:\Users\nithya.a.kannan\source\repos\FizzBuzz\FizzBuzzer.Tests\bin\Debug\FizzBuzzer.Tests.exe" executed="True" result="Success" success="True" time="0.134" asserts="0">
    <results>
      <test-suite type="Namespace" name="FizzBuzzer" executed="True" result="Success" success="True" time="0.116" asserts="0">
        <results>
          <test-suite type="Namespace" name="Tests" executed="True" result="Success" success="True" time="0.115" asserts="0">
            <results>
              <test-suite type="TestFixture" name="FizzBuzzerTests" executed="True" result="Success" success="True" time="0.113" asserts="0">
                <results>
                  <test-case name="FizzBuzzer.Tests.FizzBuzzerTests.ValidateInputValueNotDivisible" executed="True" result="Success" success="True" time="0.010" asserts="0" />
                  <test-case name="FizzBuzzer.Tests.FizzBuzzerTests.ValidateWordBuzz" executed="True" result="Success" success="True" time="0.010" asserts="1" />
                  <test-case name="FizzBuzzer.Tests.FizzBuzzerTests.ValidateWordFizz" executed="True" result="Success" success="True" time="0.000" asserts="1" />
                  <test-case name="FizzBuzzer.Tests.FizzBuzzerTests.ValidateWordFizzBuzz" executed="True" result="Success" success="True" time="0.000" asserts="1" />
                </results>
              </test-suite>
            </results>
          </test-suite>
        </results>
      </test-suite>
    </results>
  </test-suite>
</test-results>